#
# There is insufficient memory for the Java Runtime Environment to continue.
# Native memory allocation (malloc) failed to allocate 32744 bytes for ChunkPool::allocate
# Possible reasons:
#   The system is out of physical RAM or swap space
#   The process is running with CompressedOops enabled, and the Java Heap may be blocking the growth of the native heap
# Possible solutions:
#   Reduce memory load on the system
#   Increase physical memory or swap space
#   Check if swap backing store is full
#   Decrease Java heap size (-Xmx/-Xms)
#   Decrease number of Java threads
#   Decrease Java thread stack sizes (-Xss)
#   Set larger code cache with -XX:ReservedCodeCacheSize=
#   JVM is running with Unscaled Compressed Oops mode in which the Java heap is
#     placed in the first 4GB address space. The Java Heap base address is the
#     maximum limit for the native heap growth. Please use -XX:HeapBaseMinAddress
#     to set the Java Heap base and to place the Java Heap above 4GB virtual address.
# This output file may be truncated or incomplete.
#
#  Out of Memory Error (allocation.cpp:272), pid=36992, tid=0x000000000000b038
#
# JRE version: OpenJDK Runtime Environment (8.0_242-b01) (build 1.8.0_242-release-1644-b01)
# Java VM: OpenJDK 64-Bit Server VM (25.242-b01 mixed mode windows-amd64 compressed oops)
# Failed to write core dump. Minidumps are not enabled by default on client versions of Windows
#

---------------  T H R E A D  ---------------

Current thread (0x000000001a324000):  JavaThread "C2 CompilerThread1" daemon [_thread_in_native, id=45112, stack(0x000000001acf0000,0x000000001adf0000)]

Stack: [0x000000001acf0000,0x000000001adf0000]
[error occurred during error reporting (printing stack bounds), id 0xc0000005]

Native frames: (J=compiled Java code, j=interpreted, Vv=VM code, C=native code)


Current CompileTask:
C2:  19416 4355   !   4       com.sun.beans.TypeResolver::resolve (274 bytes)


---------------  P R O C E S S  ---------------

Java Threads: ( => current thread )
  0x000000001c983800 JavaThread "Cache worker for Build Output Cleanup Cache (D:\android deificit india\indifun\indifun_app-master_1\.gradle\buildOutputCleanup)" [_thread_blocked, id=35632, stack(0x0000000025610000,0x0000000025710000)]
  0x000000001c981000 JavaThread "Build operations Thread 8" [_thread_blocked, id=37024, stack(0x0000000024f10000,0x0000000025010000)]
  0x000000001c97b800 JavaThread "Build operations Thread 7" [_thread_blocked, id=44480, stack(0x0000000024e10000,0x0000000024f10000)]
  0x000000001c978800 JavaThread "Build operations Thread 6" [_thread_blocked, id=36904, stack(0x0000000024d10000,0x0000000024e10000)]
  0x000000001c979800 JavaThread "Build operations Thread 5" [_thread_blocked, id=37652, stack(0x0000000024c10000,0x0000000024d10000)]
  0x000000001c97d800 JavaThread "Build operations Thread 4" [_thread_blocked, id=36500, stack(0x0000000024b10000,0x0000000024c10000)]
  0x000000001c97f000 JavaThread "Build operations Thread 3" [_thread_blocked, id=33940, stack(0x0000000023990000,0x0000000023a90000)]
  0x000000001c97a000 JavaThread "Build operations Thread 2" [_thread_blocked, id=30536, stack(0x0000000023890000,0x0000000023990000)]
  0x000000001c97f800 JavaThread "Build operations" [_thread_blocked, id=36404, stack(0x0000000023790000,0x0000000023890000)]
  0x000000001c978000 JavaThread "Cache worker for execution history cache (C:\Users\spario\.gradle\caches\5.4.1\executionHistory)" [_thread_blocked, id=35596, stack(0x0000000021eb0000,0x0000000021fb0000)]
  0x000000001c97b000 JavaThread "Cache worker for cache directory md-rule (C:\Users\spario\.gradle\caches\5.4.1\md-rule)" [_thread_blocked, id=42388, stack(0x0000000021db0000,0x0000000021eb0000)]
  0x000000001c97c800 JavaThread "Cache worker for cache directory md-supplier (C:\Users\spario\.gradle\caches\5.4.1\md-supplier)" [_thread_blocked, id=25680, stack(0x0000000021cb0000,0x0000000021db0000)]
  0x000000001a335000 JavaThread "Cache worker for file hash cache (D:\android deificit india\indifun\indifun_app-master_1\.gradle\5.4.1\fileHashes)" [_thread_blocked, id=740, stack(0x00000000213b0000,0x00000000214b0000)]
  0x000000001a32f000 JavaThread "Cache worker for journal cache (C:\Users\spario\.gradle\caches\journal-1)" [_thread_blocked, id=34544, stack(0x000000001df40000,0x000000001e040000)]
  0x000000001a332800 JavaThread "File lock request listener" [_thread_in_native, id=504, stack(0x000000001de40000,0x000000001df40000)]
  0x000000001b4f9000 JavaThread "Cache worker for file hash cache (C:\Users\spario\.gradle\caches\5.4.1\fileHashes)" [_thread_blocked, id=37084, stack(0x000000001dd40000,0x000000001de40000)]
  0x000000001c46c800 JavaThread "Thread-9" [_thread_blocked, id=37952, stack(0x000000001dc40000,0x000000001dd40000)]
  0x000000001c462800 JavaThread "Stdin handler" [_thread_blocked, id=37884, stack(0x000000001db40000,0x000000001dc40000)]
  0x000000001c461800 JavaThread "Asynchronous log dispatcher for DefaultDaemonConnection: socket connection from /127.0.0.1:63956 to /127.0.0.1:63957" [_thread_blocked, id=41880, stack(0x000000001d940000,0x000000001da40000)]
  0x000000001c0b6800 JavaThread "Daemon worker" [_thread_in_native, id=10028, stack(0x000000001d840000,0x000000001d940000)]
  0x000000001c0b5000 JavaThread "Cancel handler" [_thread_blocked, id=40984, stack(0x000000001d740000,0x000000001d840000)]
  0x000000001bb6e800 JavaThread "Handler for socket connection from /127.0.0.1:63956 to /127.0.0.1:63957" [_thread_in_native, id=32188, stack(0x000000001d440000,0x000000001d540000)]
  0x000000001bb6d800 JavaThread "Daemon" [_thread_blocked, id=35508, stack(0x000000001d340000,0x000000001d440000)]
  0x000000001c0b9000 JavaThread "Daemon periodic checks" [_thread_blocked, id=36780, stack(0x000000001d240000,0x000000001d340000)]
  0x000000001be89000 JavaThread "Incoming local TCP Connector on port 63956" [_thread_in_native, id=32464, stack(0x000000001d000000,0x000000001d100000)]
  0x000000001c4b7800 JavaThread "Daemon health stats" [_thread_blocked, id=37260, stack(0x000000001c9c0000,0x000000001cac0000)]
  0x000000001a3b1800 JavaThread "Service Thread" daemon [_thread_blocked, id=28056, stack(0x000000001aff0000,0x000000001b0f0000)]
  0x000000001a32e000 JavaThread "C1 CompilerThread3" daemon [_thread_blocked, id=43780, stack(0x000000001aef0000,0x000000001aff0000)]
  0x000000001a32a800 JavaThread "C2 CompilerThread2" daemon [_thread_in_native, id=34056, stack(0x000000001adf0000,0x000000001aef0000)]
=>0x000000001a324000 JavaThread "C2 CompilerThread1" daemon [_thread_in_native, id=45112, stack(0x000000001acf0000,0x000000001adf0000)]
  0x000000001a322800 JavaThread "C2 CompilerThread0" daemon [_thread_in_native, id=10404, stack(0x000000001abf0000,0x000000001acf0000)]
  0x000000001a320000 JavaThread "Attach Listener" daemon [_thread_blocked, id=19176, stack(0x000000001aaf0000,0x000000001abf0000)]
  0x000000001852e000 JavaThread "Signal Dispatcher" daemon [_thread_blocked, id=48068, stack(0x000000001a9f0000,0x000000001aaf0000)]
  0x000000001a310800 JavaThread "Finalizer" daemon [_thread_blocked, id=14884, stack(0x000000001a7f0000,0x000000001a8f0000)]
  0x00000000034a8800 JavaThread "Reference Handler" daemon [_thread_blocked, id=6672, stack(0x000000001a6f0000,0x000000001a7f0000)]
  0x00000000033b2800 JavaThread "main" [_thread_blocked, id=39588, stack(0x00000000031b0000,0x00000000032b0000)]

Other Threads:
  0x0000000018516800 VMThread [stack: 0x000000001a1f0000,0x000000001a2f0000] [id=7180]
  0x000000001a3b2800 WatcherThread [stack: 0x000000001b0f0000,0x000000001b1f0000] [id=3988]

VM state:not at safepoint (normal execution)

VM Mutex/Monitor currently owned by a thread: None

heap address: 0x0000000080000000, size: 2048 MB, Compressed Oops mode: 32-bit
Narrow klass base: 0x0000000000000000, Narrow klass shift: 3
Compressed class space size: 1073741824 Address: 0x0000000100000000

Heap:
 PSYoungGen      total 72704K, used 52800K [0x00000000d5580000, 0x00000000dae80000, 0x0000000100000000)
  eden space 60416K, 67% used [0x00000000d5580000,0x00000000d7d10558,0x00000000d9080000)
  from space 12288K, 99% used [0x00000000d9e80000,0x00000000daa7fb20,0x00000000daa80000)
  to   space 14336K, 0% used [0x00000000d9080000,0x00000000d9080000,0x00000000d9e80000)
 ParOldGen       total 77824K, used 18026K [0x0000000080000000, 0x0000000084c00000, 0x00000000d5580000)
  object space 77824K, 23% used [0x0000000080000000,0x000000008119abd0,0x0000000084c00000)
 Metaspace       used 47267K, capacity 48754K, committed 48896K, reserved 1091584K
  class space    used 6402K, capacity 6820K, committed 6912K, reserved 1048576K

Card table byte_map: [0x0000000012870000,0x0000000012c80000] byte_map_base: 0x0000000012470000

Marking Bits: (ParMarkBitMap*) 0x000000007583f030
 Begin Bits: [0x0000000013730000, 0x0000000015730000)
 End Bits:   [0x0000000015730000, 0x0000000017730000)

Polling page: 0x00000000018a0000

CodeCache: size=245760Kb used=14148Kb max_used=14148Kb free=231611Kb
 bounds [0x00000000034b0000, 0x0000000004290000, 0x00000000124b0000]
 total_blobs=4817 nmethods=4039 adapters=691
 compilation: enabled

Compilation events (10 events):
Event: 19.330 Thread 0x000000001a32e000 4506       3       java.util.Collections$SingletonList::get (41 bytes)
Event: 19.331 Thread 0x000000001a32e000 nmethod 4506 0x000000000428a910 code [0x000000000428ab00, 0x000000000428b448]
Event: 19.331 Thread 0x000000001a32e000 4504       3       java.util.LinkedList::isElementIndex (18 bytes)
Event: 19.331 Thread 0x000000001a32e000 nmethod 4504 0x000000000428b850 code [0x000000000428b9a0, 0x000000000428bb90]
Event: 19.331 Thread 0x000000001a32e000 4507       1       org.gradle.api.internal.provider.Collectors$SingleElement::size (2 bytes)
Event: 19.331 Thread 0x000000001a32e000 nmethod 4507 0x000000000428bc10 code [0x000000000428bd60, 0x000000000428be70]
Event: 19.331 Thread 0x000000001a32e000 4505       1       org.gradle.internal.reflect.ReflectionCache$CacheEntry::access$200 (5 bytes)
Event: 19.331 Thread 0x000000001a32e000 nmethod 4505 0x000000000428bed0 code [0x000000000428c020, 0x000000000428c110]
Event: 19.338 Thread 0x000000001a32e000 4508       3       java.lang.invoke.DirectMethodHandle::shouldBeInitialized (123 bytes)
Event: 19.339 Thread 0x000000001a32e000 nmethod 4508 0x000000000428c190 code [0x000000000428c360, 0x000000000428caa8]

GC Heap History (10 events):
Event: 9.992 GC heap before
{Heap before GC invocations=16 (full 1):
 PSYoungGen      total 49664K, used 22742K [0x00000000d5580000, 0x00000000d9300000, 0x0000000100000000)
  eden space 40448K, 33% used [0x00000000d5580000,0x00000000d62b86a0,0x00000000d7d00000)
  from space 9216K, 99% used [0x00000000d8700000,0x00000000d8ffd1a8,0x00000000d9000000)
  to   space 10240K, 0% used [0x00000000d7d00000,0x00000000d7d00000,0x00000000d8700000)
 ParOldGen       total 53248K, used 10720K [0x0000000080000000, 0x0000000083400000, 0x00000000d5580000)
  object space 53248K, 20% used [0x0000000080000000,0x0000000080a78020,0x0000000083400000)
 Metaspace       used 34517K, capacity 35368K, committed 35496K, reserved 1079296K
  class space    used 4770K, capacity 5041K, committed 5120K, reserved 1048576K
Event: 9.998 GC heap after
Heap after GC invocations=16 (full 1):
 PSYoungGen      total 50688K, used 9648K [0x00000000d5580000, 0x00000000da180000, 0x0000000100000000)
  eden space 40448K, 0% used [0x00000000d5580000,0x00000000d5580000,0x00000000d7d00000)
  from space 10240K, 94% used [0x00000000d7d00000,0x00000000d866c2e8,0x00000000d8700000)
  to   space 11264K, 0% used [0x00000000d9680000,0x00000000d9680000,0x00000000da180000)
 ParOldGen       total 53248K, used 10728K [0x0000000080000000, 0x0000000083400000, 0x00000000d5580000)
  object space 53248K, 20% used [0x0000000080000000,0x0000000080a7a020,0x0000000083400000)
 Metaspace       used 34517K, capacity 35368K, committed 35496K, reserved 1079296K
  class space    used 4770K, capacity 5041K, committed 5120K, reserved 1048576K
}
Event: 9.998 GC heap before
{Heap before GC invocations=17 (full 2):
 PSYoungGen      total 50688K, used 9648K [0x00000000d5580000, 0x00000000da180000, 0x0000000100000000)
  eden space 40448K, 0% used [0x00000000d5580000,0x00000000d5580000,0x00000000d7d00000)
  from space 10240K, 94% used [0x00000000d7d00000,0x00000000d866c2e8,0x00000000d8700000)
  to   space 11264K, 0% used [0x00000000d9680000,0x00000000d9680000,0x00000000da180000)
 ParOldGen       total 53248K, used 10728K [0x0000000080000000, 0x0000000083400000, 0x00000000d5580000)
  object space 53248K, 20% used [0x0000000080000000,0x0000000080a7a020,0x0000000083400000)
 Metaspace       used 34517K, capacity 35368K, committed 35496K, reserved 1079296K
  class space    used 4770K, capacity 5041K, committed 5120K, reserved 1048576K
Event: 10.067 GC heap after
Heap after GC invocations=17 (full 2):
 PSYoungGen      total 50688K, used 0K [0x00000000d5580000, 0x00000000da180000, 0x0000000100000000)
  eden space 40448K, 0% used [0x00000000d5580000,0x00000000d5580000,0x00000000d7d00000)
  from space 10240K, 0% used [0x00000000d7d00000,0x00000000d7d00000,0x00000000d8700000)
  to   space 11264K, 0% used [0x00000000d9680000,0x00000000d9680000,0x00000000da180000)
 ParOldGen       total 77824K, used 17109K [0x0000000080000000, 0x0000000084c00000, 0x00000000d5580000)
  object space 77824K, 21% used [0x0000000080000000,0x00000000810b5760,0x0000000084c00000)
 Metaspace       used 34517K, capacity 35368K, committed 35496K, reserved 1079296K
  class space    used 4770K, capacity 5041K, committed 5120K, reserved 1048576K
}
Event: 16.170 GC heap before
{Heap before GC invocations=18 (full 2):
 PSYoungGen      total 50688K, used 40448K [0x00000000d5580000, 0x00000000da180000, 0x0000000100000000)
  eden space 40448K, 100% used [0x00000000d5580000,0x00000000d7d00000,0x00000000d7d00000)
  from space 10240K, 0% used [0x00000000d7d00000,0x00000000d7d00000,0x00000000d8700000)
  to   space 11264K, 0% used [0x00000000d9680000,0x00000000d9680000,0x00000000da180000)
 ParOldGen       total 77824K, used 17109K [0x0000000080000000, 0x0000000084c00000, 0x00000000d5580000)
  object space 77824K, 21% used [0x0000000080000000,0x00000000810b5760,0x0000000084c00000)
 Metaspace       used 36537K, capacity 37708K, committed 37888K, reserved 1081344K
  class space    used 5018K, capacity 5358K, committed 5376K, reserved 1048576K
Event: 16.175 GC heap after
Heap after GC invocations=18 (full 2):
 PSYoungGen      total 61440K, used 5832K [0x00000000d5580000, 0x00000000d9f00000, 0x0000000100000000)
  eden space 52736K, 0% used [0x00000000d5580000,0x00000000d5580000,0x00000000d8900000)
  from space 8704K, 67% used [0x00000000d9680000,0x00000000d9c32138,0x00000000d9f00000)
  to   space 11264K, 0% used [0x00000000d8900000,0x00000000d8900000,0x00000000d9400000)
 ParOldGen       total 77824K, used 17117K [0x0000000080000000, 0x0000000084c00000, 0x00000000d5580000)
  object space 77824K, 21% used [0x0000000080000000,0x00000000810b7760,0x0000000084c00000)
 Metaspace       used 36537K, capacity 37708K, committed 37888K, reserved 1081344K
  class space    used 5018K, capacity 5358K, committed 5376K, reserved 1048576K
}
Event: 18.167 GC heap before
{Heap before GC invocations=19 (full 2):
 PSYoungGen      total 61440K, used 58568K [0x00000000d5580000, 0x00000000d9f00000, 0x0000000100000000)
  eden space 52736K, 100% used [0x00000000d5580000,0x00000000d8900000,0x00000000d8900000)
  from space 8704K, 67% used [0x00000000d9680000,0x00000000d9c32138,0x00000000d9f00000)
  to   space 11264K, 0% used [0x00000000d8900000,0x00000000d8900000,0x00000000d9400000)
 ParOldGen       total 77824K, used 17117K [0x0000000080000000, 0x0000000084c00000, 0x00000000d5580000)
  object space 77824K, 21% used [0x0000000080000000,0x00000000810b7760,0x0000000084c00000)
 Metaspace       used 43756K, capacity 45030K, committed 45312K, reserved 1087488K
  class space    used 5928K, capacity 6294K, committed 6400K, reserved 1048576K
Event: 18.175 GC heap after
Heap after GC invocations=19 (full 2):
 PSYoungGen      total 64000K, used 11234K [0x00000000d5580000, 0x00000000daa80000, 0x0000000100000000)
  eden space 52736K, 0% used [0x00000000d5580000,0x00000000d5580000,0x00000000d8900000)
  from space 11264K, 99% used [0x00000000d8900000,0x00000000d93f88e0,0x00000000d9400000)
  to   space 12288K, 0% used [0x00000000d9e80000,0x00000000d9e80000,0x00000000daa80000)
 ParOldGen       total 77824K, used 17256K [0x0000000080000000, 0x0000000084c00000, 0x00000000d5580000)
  object space 77824K, 22% used [0x0000000080000000,0x00000000810da380,0x0000000084c00000)
 Metaspace       used 43756K, capacity 45030K, committed 45312K, reserved 1087488K
  class space    used 5928K, capacity 6294K, committed 6400K, reserved 1048576K
}
Event: 18.998 GC heap before
{Heap before GC invocations=20 (full 2):
 PSYoungGen      total 64000K, used 63970K [0x00000000d5580000, 0x00000000daa80000, 0x0000000100000000)
  eden space 52736K, 100% used [0x00000000d5580000,0x00000000d8900000,0x00000000d8900000)
  from space 11264K, 99% used [0x00000000d8900000,0x00000000d93f88e0,0x00000000d9400000)
  to   space 12288K, 0% used [0x00000000d9e80000,0x00000000d9e80000,0x00000000daa80000)
 ParOldGen       total 77824K, used 17256K [0x0000000080000000, 0x0000000084c00000, 0x00000000d5580000)
  object space 77824K, 22% used [0x0000000080000000,0x00000000810da380,0x0000000084c00000)
 Metaspace       used 46680K, capacity 48096K, committed 48256K, reserved 1091584K
  class space    used 6304K, capacity 6684K, committed 6784K, reserved 1048576K
Event: 19.008 GC heap after
Heap after GC invocations=20 (full 2):
 PSYoungGen      total 72704K, used 12286K [0x00000000d5580000, 0x00000000dae80000, 0x0000000100000000)
  eden space 60416K, 0% used [0x00000000d5580000,0x00000000d5580000,0x00000000d9080000)
  from space 12288K, 99% used [0x00000000d9e80000,0x00000000daa7fb20,0x00000000daa80000)
  to   space 14336K, 0% used [0x00000000d9080000,0x00000000d9080000,0x00000000d9e80000)
 ParOldGen       total 77824K, used 18026K [0x0000000080000000, 0x0000000084c00000, 0x00000000d5580000)
  object space 77824K, 23% used [0x0000000080000000,0x000000008119abd0,0x0000000084c00000)
 Metaspace       used 46680K, capacity 48096K, committed 48256K, reserved 1091584K
  class space    used 6304K, capacity 6684K, committed 6784K, reserved 1048576K
}

Deoptimization events (10 events):
Event: 18.162 Thread 0x000000001c0b6800 Uncommon trap: reason=unstable_if action=reinterpret pc=0x00000000039772f0 method=java.util.jar.JarFile.maybeInstantiateVerifier()V @ 4
Event: 18.163 Thread 0x000000001c0b6800 Uncommon trap: reason=unstable_if action=reinterpret pc=0x00000000040520a8 method=java.security.CodeSource.matchCerts(Ljava/security/CodeSource;Z)Z @ 11
Event: 18.191 Thread 0x000000001c0b6800 Uncommon trap: reason=unstable_if action=reinterpret pc=0x0000000003f5ebfc method=java.util.LinkedHashMap.get(Ljava/lang/Object;)Ljava/lang/Object; @ 20
Event: 18.234 Thread 0x000000001c0b6800 Uncommon trap: reason=unstable_if action=reinterpret pc=0x000000000405257c method=java.security.CodeSource.matchCerts(Ljava/security/CodeSource;Z)Z @ 11
Event: 18.283 Thread 0x000000001c0b6800 Uncommon trap: reason=unstable_if action=reinterpret pc=0x0000000003e1b370 method=org.objectweb.asm.ByteVector.putUTF8(Ljava/lang/String;)Lorg/objectweb/asm/ByteVector; @ 93
Event: 18.888 Thread 0x000000001c0b6800 Uncommon trap: reason=unstable_if action=reinterpret pc=0x00000000040a72bc method=org.gradle.internal.reflect.PropertyAccessorType.of(Ljava/lang/reflect/Method;)Lorg/gradle/internal/reflect/PropertyAccessorType; @ 56
Event: 18.903 Thread 0x000000001c0b6800 Uncommon trap: reason=unstable_if action=reinterpret pc=0x000000000400b59c method=groovy.lang.MetaClassImpl.filterPropertyMethod(Ljava/lang/Object;ZZ)Ljava/lang/Object; @ 72
Event: 18.953 Thread 0x000000001c0b6800 Uncommon trap: reason=unstable_if action=reinterpret pc=0x00000000039c0f74 method=groovy.lang.MetaClassImpl$1MOPIter.methodNameAction(Ljava/lang/Class;Lorg/codehaus/groovy/runtime/metaclass/MetaMethodIndex$Entry;)V @ 182
Event: 19.099 Thread 0x000000001c0b6800 Uncommon trap: reason=unstable_if action=reinterpret pc=0x000000000371f900 method=java.lang.reflect.AccessibleObject.setAccessible0(Ljava/lang/reflect/AccessibleObject;Z)V @ 23
Event: 19.297 Thread 0x000000001c0b6800 Uncommon trap: reason=unstable_if action=reinterpret pc=0x0000000003feb0bc method=org.codehaus.groovy.runtime.metaclass.MetaMethodIndex.addMethodToList(Ljava/lang/Object;Lgroovy/lang/MetaMethod;)Ljava/lang/Object; @ 256

Classes redefined (0 events):
No events

Internal exceptions (10 events):
Event: 19.298 Thread 0x000000001c0b6800 Exception <a 'java/lang/ClassNotFoundException': org/gradle/api/internal/artifacts/dependencies/DefaultExternalModuleDependency_DecoratedBeanInfo> (0x00000000d76df020) thrown at [C:\src\AOSP-openjdk-git\hotspot\src\share\vm\classfile\systemDictionary.cpp,
Event: 19.299 Thread 0x000000001c0b6800 Exception <a 'java/lang/ClassNotFoundException': org/gradle/api/internal/artifacts/dependencies/DefaultExternalModuleDependencyBeanInfo> (0x00000000d773ef48) thrown at [C:\src\AOSP-openjdk-git\hotspot\src\share\vm\classfile\systemDictionary.cpp, line 210]
Event: 19.299 Thread 0x000000001c0b6800 Exception <a 'java/lang/ClassNotFoundException': org/gradle/api/internal/artifacts/dependencies/AbstractExternalModuleDependencyBeanInfo> (0x00000000d77a00b8) thrown at [C:\src\AOSP-openjdk-git\hotspot\src\share\vm\classfile\systemDictionary.cpp, line 210
Event: 19.300 Thread 0x000000001c0b6800 Exception <a 'java/lang/ClassNotFoundException': org/gradle/api/internal/artifacts/dependencies/AbstractModuleDependencyBeanInfo> (0x00000000d77e4cc8) thrown at [C:\src\AOSP-openjdk-git\hotspot\src\share\vm\classfile\systemDictionary.cpp, line 210]
Event: 19.300 Thread 0x000000001c0b6800 Exception <a 'java/lang/ClassNotFoundException': org/gradle/api/internal/artifacts/dependencies/AbstractDependencyBeanInfo> (0x00000000d7825a40) thrown at [C:\src\AOSP-openjdk-git\hotspot\src\share\vm\classfile\systemDictionary.cpp, line 210]
Event: 19.301 Thread 0x000000001c0b6800 Exception <a 'java/lang/ClassNotFoundException': org/gradle/api/internal/artifacts/dependencies/AbstractDependencyCustomizer> (0x00000000d7868bd8) thrown at [C:\src\AOSP-openjdk-git\hotspot\src\share\vm\classfile\systemDictionary.cpp, line 210]
Event: 19.302 Thread 0x000000001c0b6800 Exception <a 'java/lang/ClassNotFoundException': org/gradle/api/internal/artifacts/dependencies/AbstractModuleDependencyCustomizer> (0x00000000d78b1d60) thrown at [C:\src\AOSP-openjdk-git\hotspot\src\share\vm\classfile\systemDictionary.cpp, line 210]
Event: 19.303 Thread 0x000000001c0b6800 Exception <a 'java/lang/ClassNotFoundException': org/gradle/api/internal/artifacts/dependencies/AbstractExternalModuleDependencyCustomizer> (0x00000000d7939560) thrown at [C:\src\AOSP-openjdk-git\hotspot\src\share\vm\classfile\systemDictionary.cpp, line 2
Event: 19.303 Thread 0x000000001c0b6800 Exception <a 'java/lang/ClassNotFoundException': org/gradle/api/internal/artifacts/dependencies/DefaultExternalModuleDependencyCustomizer> (0x00000000d79b0788) thrown at [C:\src\AOSP-openjdk-git\hotspot\src\share\vm\classfile\systemDictionary.cpp, line 21
Event: 19.304 Thread 0x000000001c0b6800 Exception <a 'java/lang/ClassNotFoundException': org/gradle/api/internal/artifacts/dependencies/DefaultExternalModuleDependency_DecoratedCustomizer> (0x00000000d7a28348) thrown at [C:\src\AOSP-openjdk-git\hotspot\src\share\vm\classfile\systemDictionary.cp

Events (10 events):
Event: 19.331 loading class org/gradle/api/tasks/Upload
Event: 19.331 loading class org/gradle/api/tasks/Upload done
Event: 19.338 loading class com/android/build/gradle/BasePlugin
Event: 19.338 loading class com/android/build/gradle/BasePlugin done
Event: 19.338 loading class com/android/build/gradle/tasks/factory/AbstractCompilesUtil
Event: 19.338 loading class com/android/build/gradle/tasks/factory/AbstractCompilesUtil done
Event: 19.339 loading class com/android/sdklib/AndroidTargetHash
Event: 19.339 loading class com/android/sdklib/AndroidTargetHash done
Event: 19.353 loading class com/android/sdklib/AndroidVersion
Event: 19.353 loading class com/android/sdklib/AndroidVersion done


Dynamic libraries:
0x00007ff67a7e0000 - 0x00007ff67a811000 	C:\Program Files\Android\Android Studio\jre\bin\java.exe
0x00007ffb5f8f0000 - 0x00007ffb5fadd000 	C:\Windows\SYSTEM32\ntdll.dll
0x00007ffb5f800000 - 0x00007ffb5f8b3000 	C:\Windows\System32\KERNEL32.DLL
0x00007ffb5bb60000 - 0x00007ffb5bdf3000 	C:\Windows\System32\KERNELBASE.dll
0x00007ffb5efc0000 - 0x00007ffb5f063000 	C:\Windows\System32\ADVAPI32.dll
0x00007ffb5f760000 - 0x00007ffb5f7fe000 	C:\Windows\System32\msvcrt.dll
0x00007ffb5f070000 - 0x00007ffb5f10e000 	C:\Windows\System32\sechost.dll
0x00007ffb5cb50000 - 0x00007ffb5cc73000 	C:\Windows\System32\RPCRT4.dll
0x00007ffb5f500000 - 0x00007ffb5f697000 	C:\Windows\System32\USER32.dll
0x00007ffb5c990000 - 0x00007ffb5c9b0000 	C:\Windows\System32\win32u.dll
0x00007ffb5f2b0000 - 0x00007ffb5f2d9000 	C:\Windows\System32\GDI32.dll
0x00007ffb5b9c0000 - 0x00007ffb5bb5a000 	C:\Windows\System32\gdi32full.dll
0x00007ffb5ca30000 - 0x00007ffb5cad0000 	C:\Windows\System32\msvcp_win.dll
0x00007ffb5c140000 - 0x00007ffb5c23c000 	C:\Windows\System32\ucrtbase.dll
0x00007ffb4de50000 - 0x00007ffb4e0c9000 	C:\Windows\WinSxS\amd64_microsoft.windows.common-controls_6595b64144ccf1df_6.0.17763.107_none_05b63884071e656e\COMCTL32.dll
0x00007ffb5ce30000 - 0x00007ffb5d15e000 	C:\Windows\System32\combase.dll
0x00007ffb5c9b0000 - 0x00007ffb5ca2e000 	C:\Windows\System32\bcryptPrimitives.dll
0x00007ffb5cb20000 - 0x00007ffb5cb4e000 	C:\Windows\System32\IMM32.DLL
0x0000000074ab0000 - 0x0000000074b82000 	C:\Program Files\Android\Android Studio\jre\jre\bin\msvcr100.dll
0x0000000075070000 - 0x00000000758bb000 	C:\Program Files\Android\Android Studio\jre\jre\bin\server\jvm.dll
0x00007ffb5f170000 - 0x00007ffb5f178000 	C:\Windows\System32\PSAPI.DLL
0x00007ffb53200000 - 0x00007ffb53209000 	C:\Windows\SYSTEM32\WSOCK32.dll
0x00007ffb56460000 - 0x00007ffb56484000 	C:\Windows\SYSTEM32\WINMM.dll
0x00007ffb52310000 - 0x00007ffb5231a000 	C:\Windows\SYSTEM32\VERSION.dll
0x00007ffb5d660000 - 0x00007ffb5d6cd000 	C:\Windows\System32\WS2_32.dll
0x00007ffb56430000 - 0x00007ffb5645d000 	C:\Windows\SYSTEM32\winmmbase.dll
0x00007ffb5cad0000 - 0x00007ffb5cb1a000 	C:\Windows\System32\cfgmgr32.dll
0x00007ffb564f0000 - 0x00007ffb564ff000 	C:\Program Files\Android\Android Studio\jre\jre\bin\verify.dll
0x00007ffb50f00000 - 0x00007ffb50f29000 	C:\Program Files\Android\Android Studio\jre\jre\bin\java.dll
0x00007ffb50ee0000 - 0x00007ffb50ef6000 	C:\Program Files\Android\Android Studio\jre\jre\bin\zip.dll
0x00007ffb5d970000 - 0x00007ffb5ee5f000 	C:\Windows\System32\SHELL32.dll
0x00007ffb5f6b0000 - 0x00007ffb5f758000 	C:\Windows\System32\shcore.dll
0x00007ffb5c240000 - 0x00007ffb5c988000 	C:\Windows\System32\windows.storage.dll
0x00007ffb5b910000 - 0x00007ffb5b934000 	C:\Windows\System32\profapi.dll
0x00007ffb5b940000 - 0x00007ffb5b99d000 	C:\Windows\System32\powrprof.dll
0x00007ffb5f110000 - 0x00007ffb5f162000 	C:\Windows\System32\shlwapi.dll
0x00007ffb5b9a0000 - 0x00007ffb5b9b1000 	C:\Windows\System32\kernel.appcore.dll
0x00007ffb5c120000 - 0x00007ffb5c137000 	C:\Windows\System32\cryptsp.dll
0x00007ffb50ec0000 - 0x00007ffb50eda000 	C:\Program Files\Android\Android Studio\jre\jre\bin\net.dll
0x00007ffb5b180000 - 0x00007ffb5b1e7000 	C:\Windows\system32\mswsock.dll
0x00007ffb50ea0000 - 0x00007ffb50eb3000 	C:\Program Files\Android\Android Studio\jre\jre\bin\nio.dll
0x00007ffb509e0000 - 0x00007ffb50a06000 	C:\Users\spario\.gradle\native\29\windows-amd64\native-platform.dll
0x00007ffb55450000 - 0x00007ffb5545d000 	C:\Program Files\Android\Android Studio\jre\jre\bin\management.dll
0x00007ffb5ad40000 - 0x00007ffb5ad73000 	C:\Windows\system32\rsaenh.dll
0x00007ffb5bfe0000 - 0x00007ffb5c006000 	C:\Windows\System32\bcrypt.dll
0x00007ffb5b820000 - 0x00007ffb5b848000 	C:\Windows\SYSTEM32\USERENV.dll
0x00007ffb5b350000 - 0x00007ffb5b35c000 	C:\Windows\SYSTEM32\CRYPTBASE.dll
0x00007ffb5aee0000 - 0x00007ffb5af1d000 	C:\Windows\SYSTEM32\IPHLPAPI.DLL
0x00007ffb5f6a0000 - 0x00007ffb5f6a8000 	C:\Windows\System32\NSI.dll
0x00007ffb57340000 - 0x00007ffb57356000 	C:\Windows\SYSTEM32\dhcpcsvc6.DLL
0x00007ffb57320000 - 0x00007ffb5733c000 	C:\Windows\SYSTEM32\dhcpcsvc.DLL
0x00007ffb5af30000 - 0x00007ffb5aff6000 	C:\Windows\SYSTEM32\DNSAPI.dll

VM Arguments:
jvm_args: -Xmx2048m -Dfile.encoding=windows-1252 -Duser.country=US -Duser.language=en -Duser.variant 
java_command: org.gradle.launcher.daemon.bootstrap.GradleDaemon 5.4.1
java_class_path (initial): C:\Users\spario\.gradle\wrapper\dists\gradle-5.4.1-all\3221gyojl5jsh0helicew7rwx\gradle-5.4.1\lib\gradle-launcher-5.4.1.jar
Launcher Type: SUN_STANDARD

Environment Variables:
JAVA_HOME=C:\Program Files\Java\jdk1.8.0_152
PATH=C:\Program Files (x86)\Common Files\Intel\Shared Libraries\redist\intel64_win\compiler;C:\Program Files\Common Files\Oracle\Java\javapath;C:\Program Files\Python37\Scripts\;C:\Program Files\Python37\;C:\python36\Scripts\;C:\python36\;C:\Python27\Scripts;C:\Python27\;C:\Program Files (x86)\Common Files\Intel\Shared Libraries\redist\intel64\compiler;C:\Program Files (x86)\Common Files\Intel\Shared Files\cpp\bin\Intel64;C:\ProgramData\Oracle\Java\javapath;C:\Windows\system32;C:\Windows;C:\Windows\System32\Wbem;C:\Windows\System32\WindowsPowerShell\v1.0\;C:\Windows\System32\OpenSSH\;C:\Program Files\Java\jdk1.8.0_152\bin;C:\Program Files\Java\jre1.8.0_152\bin;D:\Android\sdk\platform-tools;D:\Android\gradle\gradle-5.1.1\bin;C:\Program Files (x86)\GtkSharp\2.12\bin;C:\Program Files\nodejs\;C:\poppler-0.68.0\bin;C:\Program Files\Git\cmd;C:\python36\Scripts\;C:\python36\;C:\Python37\Scripts\;C:\Python37\;C:\Users\spario\AppData\Local\Microsoft\WindowsApps;C:\Users\spario\AppData\Roaming\npm;D:\Android\sdk\platform-tools;D:\adb;C:\Program Files\JetBrains\PyCharm Community Edition 2020.1\bin;;C:\Users\spario\AppData\Local\Programs\Microsoft VS Code\bin;C:\Users\spario\AppData\Local\GitHubDesktop\bin
USERNAME=spario
OS=Windows_NT
PROCESSOR_IDENTIFIER=Intel64 Family 6 Model 58 Stepping 9, GenuineIntel



---------------  S Y S T E M  ---------------

OS: Windows 10.0 , 64 bit Build 17763 (10.0.17763.1)

CPU:total 8 (initial active 8) (4 cores per cpu, 2 threads per core) family 6 model 58 stepping 9, cmov, cx8, fxsr, mmx, sse, sse2, sse3, ssse3, sse4.1, sse4.2, popcnt, avx, aes, clmul, erms, ht, tsc, tscinvbit, tscinv

Memory: 4k page, physical 6175276k(573152k free), swap 14391852k(4256k free)

vm_info: OpenJDK 64-Bit Server VM (25.242-b01) for windows-amd64 JRE (1.8.0_242-release-1644-b01), built by "builder" with MS VC++ 10.0 (VS2010)

time: Wed Nov 11 22:21:21 2020
timezone: India Standard Time
elapsed time: 19 seconds (0d 0h 0m 19s)

